2025-05-20 14:38:04,236 — INFO — 🔑 Logging in to HuggingFace Hub with token...
2025-05-20 14:38:04,678 — INFO — ✅ HuggingFace login successful
2025-05-20 14:38:04,678 — INFO — 🧠 Loading model and processor from HuggingFace...
2025-05-20 14:40:03,192 — INFO — ✅ Model loaded and moved to device
2025-05-20 14:40:10,418 — INFO — 🧪 Starting classification: data/segment_videos/2974b8a0-2b31-4f31-bc4c-9cfd811c552e/0b6fa587-0036-441d-93be-f06ad9d98530.mp4
2025-05-20 14:40:10,418 — INFO — 🧼 Preprocessing video: data/segment_videos/2974b8a0-2b31-4f31-bc4c-9cfd811c552e/0b6fa587-0036-441d-93be-f06ad9d98530.mp4
2025-05-20 14:40:14,102 — INFO — ✅ Classification complete for data/segment_videos/2974b8a0-2b31-4f31-bc4c-9cfd811c552e/0b6fa587-0036-441d-93be-f06ad9d98530.mp4
2025-05-20 14:40:15,201 — INFO — 🧪 Starting classification: data/segment_videos/2974b8a0-2b31-4f31-bc4c-9cfd811c552e/b874652b-1222-438f-9a9b-399dac229a05.mp4
2025-05-20 14:40:15,202 — INFO — 🧼 Preprocessing video: data/segment_videos/2974b8a0-2b31-4f31-bc4c-9cfd811c552e/b874652b-1222-438f-9a9b-399dac229a05.mp4
2025-05-20 14:40:16,803 — INFO — ✅ Classification complete for data/segment_videos/2974b8a0-2b31-4f31-bc4c-9cfd811c552e/b874652b-1222-438f-9a9b-399dac229a05.mp4
2025-05-20 14:40:22,760 — INFO — 🧪 Starting classification: data/segment_videos/2974b8a0-2b31-4f31-bc4c-9cfd811c552e/eb7cb383-3e7c-433e-8445-bc480677ed31.mp4
2025-05-20 14:40:22,760 — INFO — 🧼 Preprocessing video: data/segment_videos/2974b8a0-2b31-4f31-bc4c-9cfd811c552e/eb7cb383-3e7c-433e-8445-bc480677ed31.mp4
2025-05-20 14:40:24,465 — INFO — ✅ Classification complete for data/segment_videos/2974b8a0-2b31-4f31-bc4c-9cfd811c552e/eb7cb383-3e7c-433e-8445-bc480677ed31.mp4
2025-05-20 15:11:13,489 — INFO — 🔑 Logging in to HuggingFace Hub with token...
2025-05-20 15:11:13,993 — INFO — ✅ HuggingFace login successful
2025-05-20 15:11:13,994 — INFO — 🧠 Loading model and processor from HuggingFace...
2025-05-20 15:12:05,578 — INFO — ✅ Model loaded and moved to device
2025-05-20 15:13:18,066 — INFO — 🧪 Starting classification: data/segment_videos/722372a0-f064-4144-ae45-1e8067c3c67b/d1f35d6f-2d6c-4335-b498-e00440376c4e.mp4
2025-05-20 15:13:18,066 — INFO — 🧼 Preprocessing video: data/segment_videos/722372a0-f064-4144-ae45-1e8067c3c67b/d1f35d6f-2d6c-4335-b498-e00440376c4e.mp4
2025-05-20 15:13:22,066 — INFO — ✅ Classification complete for data/segment_videos/722372a0-f064-4144-ae45-1e8067c3c67b/d1f35d6f-2d6c-4335-b498-e00440376c4e.mp4
2025-05-20 15:13:22,098 — INFO — 🧪 Starting classification: data/segment_videos/722372a0-f064-4144-ae45-1e8067c3c67b/fcbb80d8-c88a-414e-bf05-3d838d1b3b9c.mp4
2025-05-20 15:13:22,099 — INFO — 🧼 Preprocessing video: data/segment_videos/722372a0-f064-4144-ae45-1e8067c3c67b/fcbb80d8-c88a-414e-bf05-3d838d1b3b9c.mp4
2025-05-20 15:13:23,131 — INFO — ✅ Classification complete for data/segment_videos/722372a0-f064-4144-ae45-1e8067c3c67b/fcbb80d8-c88a-414e-bf05-3d838d1b3b9c.mp4
2025-05-20 15:13:29,563 — INFO — 🧪 Starting classification: data/segment_videos/722372a0-f064-4144-ae45-1e8067c3c67b/8929bf22-2b58-4030-b1d9-71b64ac81d4f.mp4
2025-05-20 15:13:29,563 — INFO — 🧼 Preprocessing video: data/segment_videos/722372a0-f064-4144-ae45-1e8067c3c67b/8929bf22-2b58-4030-b1d9-71b64ac81d4f.mp4
2025-05-20 15:13:32,042 — INFO — ✅ Classification complete for data/segment_videos/722372a0-f064-4144-ae45-1e8067c3c67b/8929bf22-2b58-4030-b1d9-71b64ac81d4f.mp4
2025-05-20 15:13:46,910 — INFO — 🧪 Starting classification: data/segment_videos/c3695ac1-d769-463e-ab28-38b75b43bc5c/d4e9cbca-27dc-48d8-8fa1-04931164928d.mp4
2025-05-20 15:13:46,910 — INFO — 🧼 Preprocessing video: data/segment_videos/c3695ac1-d769-463e-ab28-38b75b43bc5c/d4e9cbca-27dc-48d8-8fa1-04931164928d.mp4
2025-05-20 15:13:49,452 — INFO — ✅ Classification complete for data/segment_videos/c3695ac1-d769-463e-ab28-38b75b43bc5c/d4e9cbca-27dc-48d8-8fa1-04931164928d.mp4
2025-05-20 15:13:49,876 — INFO — 🧪 Starting classification: data/segment_videos/c3695ac1-d769-463e-ab28-38b75b43bc5c/e286d262-f59a-452d-adf6-44384a58a20f.mp4
2025-05-20 15:13:49,876 — INFO — 🧼 Preprocessing video: data/segment_videos/c3695ac1-d769-463e-ab28-38b75b43bc5c/e286d262-f59a-452d-adf6-44384a58a20f.mp4
2025-05-20 15:13:50,832 — INFO — ✅ Classification complete for data/segment_videos/c3695ac1-d769-463e-ab28-38b75b43bc5c/e286d262-f59a-452d-adf6-44384a58a20f.mp4
2025-05-20 15:13:56,879 — INFO — 🧪 Starting classification: data/segment_videos/c3695ac1-d769-463e-ab28-38b75b43bc5c/bd7256de-66a4-41c5-95f7-87e69372f0de.mp4
2025-05-20 15:13:56,879 — INFO — 🧼 Preprocessing video: data/segment_videos/c3695ac1-d769-463e-ab28-38b75b43bc5c/bd7256de-66a4-41c5-95f7-87e69372f0de.mp4
2025-05-20 15:13:58,646 — INFO — ✅ Classification complete for data/segment_videos/c3695ac1-d769-463e-ab28-38b75b43bc5c/bd7256de-66a4-41c5-95f7-87e69372f0de.mp4
2025-05-20 15:41:06,155 — INFO — 🔑 Logging in to HuggingFace Hub with token...
2025-05-20 15:41:06,731 — INFO — ✅ HuggingFace login successful
2025-05-20 15:41:06,733 — INFO — 🧠 Loading model and processor from HuggingFace...
2025-05-20 15:41:15,103 — INFO — ✅ Model loaded and moved to device
2025-05-20 15:41:23,926 — INFO — 🔑 Logging in to HuggingFace Hub with token...
2025-05-20 15:41:24,281 — INFO — ✅ HuggingFace login successful
2025-05-20 15:41:24,282 — INFO — 🧠 Loading model and processor from HuggingFace...
2025-05-20 15:41:30,998 — INFO — ✅ Model loaded and moved to device
2025-05-20 15:41:38,753 — INFO — 🔑 Logging in to HuggingFace Hub with token...
2025-05-20 15:41:39,224 — INFO — ✅ HuggingFace login successful
2025-05-20 15:41:39,226 — INFO — 🧠 Loading model and processor from HuggingFace...
2025-05-20 15:41:45,360 — INFO — ✅ Model loaded and moved to device
2025-05-20 15:42:10,061 — INFO — 🔑 Logging in to HuggingFace Hub with token...
2025-05-20 15:42:10,482 — INFO — ✅ HuggingFace login successful
2025-05-20 15:42:10,483 — INFO — 🧠 Loading model and processor from HuggingFace...
2025-05-20 15:43:13,922 — INFO — 🔑 Logging in to HuggingFace Hub with token...
2025-05-20 15:43:14,356 — INFO — ✅ HuggingFace login successful
2025-05-20 15:43:14,356 — INFO — 🧠 Loading model and processor from HuggingFace...
2025-05-20 15:45:31,361 — INFO — ✅ Model loaded and moved to device
2025-05-20 15:48:15,115 — INFO — 🧪 Starting classification: data/segment_videos/9784b0c8-eb80-4a7e-b3d9-3a98ecc2b8fe/a5c54040-7a56-46d4-8429-895ff4940b82.mp4
2025-05-20 15:48:15,120 — INFO — 🧼 Preprocessing video: data/segment_videos/9784b0c8-eb80-4a7e-b3d9-3a98ecc2b8fe/a5c54040-7a56-46d4-8429-895ff4940b82.mp4
2025-05-20 15:48:19,957 — INFO — ✅ Classification complete for data/segment_videos/9784b0c8-eb80-4a7e-b3d9-3a98ecc2b8fe/a5c54040-7a56-46d4-8429-895ff4940b82.mp4
2025-05-20 15:48:19,996 — INFO — 🧪 Starting classification: data/segment_videos/9784b0c8-eb80-4a7e-b3d9-3a98ecc2b8fe/19229919-c184-4f8a-87c1-20f9ab662958.mp4
2025-05-20 15:48:19,997 — INFO — 🧼 Preprocessing video: data/segment_videos/9784b0c8-eb80-4a7e-b3d9-3a98ecc2b8fe/19229919-c184-4f8a-87c1-20f9ab662958.mp4
2025-05-20 15:48:21,040 — INFO — ✅ Classification complete for data/segment_videos/9784b0c8-eb80-4a7e-b3d9-3a98ecc2b8fe/19229919-c184-4f8a-87c1-20f9ab662958.mp4
2025-05-20 15:48:25,278 — INFO — 🧪 Starting classification: data/segment_videos/9784b0c8-eb80-4a7e-b3d9-3a98ecc2b8fe/52601a9b-39cc-4556-912a-af34deca7348.mp4
2025-05-20 15:48:25,278 — INFO — 🧼 Preprocessing video: data/segment_videos/9784b0c8-eb80-4a7e-b3d9-3a98ecc2b8fe/52601a9b-39cc-4556-912a-af34deca7348.mp4
2025-05-20 15:48:27,048 — INFO — ✅ Classification complete for data/segment_videos/9784b0c8-eb80-4a7e-b3d9-3a98ecc2b8fe/52601a9b-39cc-4556-912a-af34deca7348.mp4
